make all --print-data-base --no-builtin-variables --no-builtin-rules --question
Makefile:18: *** missing separator.  Stop.
 
# GNU Make 4.2.1
# Built for x86_64-pc-linux-gnu
# Copyright (C) 1988-2016 Free Software Foundation, Inc.
# License GPLv3+: GNU GPL version 3 or later <http://gnu.org/licenses/gpl.html>
# This is free software: you are free to change and redistribute it.
# There is NO WARRANTY, to the extent permitted by law.

# Make data base, printed on Fri Dec 17 23:03:29 2021

# Variables

# environment
GNUMAKEFLAGS := 
# automatic
<D = $(patsubst %/,%,$(dir $<))
# automatic
?F = $(notdir $?)
# environment
DESKTOP_SESSION = ubuntu
# default
.SHELLFLAGS := -c
# environment
ZIPINFO = -O CP932
# environment
XDG_SESSION_CLASS = user
# environment
XDG_SESSION_TYPE = x11
# environment
VSCODE_LOG_NATIVE = false
# automatic
?D = $(patsubst %/,%,$(dir $?))
# environment
IM_CONFIG_PHASE = 1
# automatic
@D = $(patsubst %/,%,$(dir $@))
# environment
XAUTHORITY = /run/user/1000/gdm/Xauthority
# environment
GDMSESSION = ubuntu
# environment
XMODIFIERS = @im=ibus
# makefile
CURDIR := /home/chopped-barasan/micro_mouse/program/path_finder_pc
# makefile
SHELL = /bin/sh
# environment
VSCODE_NLS_CONFIG = {"locale":"ja","availableLanguages":{},"_languagePackSupport":true}
# environment
_ = /usr/share/code/code
# makefile (from 'Makefile', line 10)
INC_DIRS := ./src ./src/test
# environment
JOURNAL_STREAM = 8:38136
# environment
XDG_CONFIG_DIRS = /etc/xdg/xdg-ubuntu:/etc/xdg
# makefile (from 'Makefile', line 1)
MAKEFILE_LIST :=  Makefile
# automatic
@F = $(notdir $@)
# environment
GIO_LAUNCHED_DESKTOP_FILE = /usr/share/applications/code.desktop
# environment
UNZIP = -O CP932
# environment
USERNAME = chopped-barasan
# environment
XDG_DATA_DIRS = /usr/share/ubuntu:/usr/local/share/:/usr/share/:/var/lib/snapd/desktop
# environment
DBUS_SESSION_BUS_ADDRESS = unix:path=/run/user/1000/bus
# environment
VSCODE_VERBOSE_LOGGING = true
# makefile (from 'Makefile', line 7)
OBJS := ./build/./src/main.cpp.o
# makefile (from 'Makefile', line 13)
CPPFLAGS = $(INC_FLAGS) -MMD -MP
# environment
MANAGERPID = 972
# environment
LESSOPEN = | /usr/bin/lesspipe %s
# environment
VSCODE_CWD = /home/chopped-barasan
# default
MAKE_HOST := x86_64-pc-linux-gnu
# environment
PATH = /usr/local/sbin:/usr/local/bin:/usr/sbin:/usr/bin:/sbin:/bin:/usr/games:/usr/local/games:/snap/bin:/usr/local/bin:/usr/local/bin
# environment
GPG_AGENT_INFO = /run/user/1000/gnupg/S.gpg-agent:0:1
# environment
SESSION_MANAGER = local/ubuntu-TAICHI31:@/tmp/.ICE-unix/1305,unix/ubuntu-TAICHI31:/tmp/.ICE-unix/1305
# environment
XDG_RUNTIME_DIR = /run/user/1000
# environment
XDG_MENU_PREFIX = gnome-
# environment
VSCODE_LOG_STACK = false
# environment
VSCODE_CRASH_REPORTER_START_OPTIONS = {"companyName":"Microsoft","productName":"VSCode","submitURL":"appcenter://code?aid=fba07a4d-84bd-4fc8-a125-9640fc8ce171&uid=ba99c3a3-a7c2-48b5-bdfe-e7c5cde80727&iid=ba99c3a3-a7c2-48b5-bdfe-e7c5cde80727&sid=ba99c3a3-a7c2-48b5-bdfe-e7c5cde80727","uploadToServer":true}
# environment
INVOCATION_ID = 1604f83fde77415b89bdb8ad92b5cc49
# default
.FEATURES := target-specific order-only second-expansion else-if shortest-stem undefine oneshell archives jobserver output-sync check-symlink load
# environment
LS_COLORS = 
# environment
XDG_SESSION_DESKTOP = ubuntu
# environment
SSH_AUTH_SOCK = /run/user/1000/keyring/ssh
# environment
GIO_LAUNCHED_DESKTOP_FILE_PID = 2188
# automatic
%F = $(notdir $%)
# environment
DISPLAY = :0
# environment
VSCODE_PIPE_LOGGING = true
# makefile (from 'Makefile', line 4)
SRC_DIRS = ./src
# environment
PWD = /home/chopped-barasan/micro_mouse/program/path_finder_pc
# makefile (from 'Makefile', line 11)
INC_FLAGS := -I./src -I./src/test
# default
.LOADED := 
# environment
SSH_AGENT_PID = 1251
# environment
ORIGINAL_XDG_CURRENT_DESKTOP = ubuntu:GNOME
# environment
GTK_MODULES = gail:atk-bridge
# environment
VSCODE_AMD_ENTRYPOINT = vs/workbench/services/extensions/node/extensionHostProcess
# environment
HOME = /home/chopped-barasan
# environment
LESSCLOSE = /usr/bin/lesspipe %s %s
# environment
VSCODE_CODE_CACHE_PATH = /home/chopped-barasan/.config/Code/CachedData/899d46d82c4c95423fb7e10e68eba52050e30ba3
# environment
LOGNAME = chopped-barasan
# environment
APPLICATION_INSIGHTS_NO_DIAGNOSTIC_CHANNEL = true
# environment
VSCODE_HANDLES_UNCAUGHT_ERRORS = true
# environment
GNOME_DESKTOP_SESSION_ID = this-is-deprecated
# automatic
^D = $(patsubst %/,%,$(dir $^))
# makefile (from 'Makefile', line 1)
TARGET_EXEC = path_finder
# environment
MAKELEVEL := 0
# default
MAKE = $(MAKE_COMMAND)
# default
MAKECMDGOALS := all
# environment
QT_IM_MODULE = ibus
# makefile (from 'Makefile', line 6)
SRCS := ./src/main.cpp
# environment
SHLVL = 0
# environment
GNOME_SHELL_SESSION_MODE = ubuntu
# makefile (from 'Makefile', line 3)
BUILD_DIR = ./build
# environment
VSCODE_IPC_HOOK_EXTHOST = /run/user/1000/vscode-ipc-3d3686c3-ec57-47fa-b1e8-d4c7118dd499.sock
# default
MAKE_VERSION := 4.2.1
# environment
USER = chopped-barasan
# makefile
.DEFAULT_GOAL := all
# environment
XDG_CURRENT_DESKTOP = Unity
# automatic
%D = $(patsubst %/,%,$(dir $%))
# default
MAKE_COMMAND := make
# default
.VARIABLES := 
# automatic
*F = $(notdir $*)
# environment
VSCODE_IPC_HOOK = /run/user/1000/vscode-a6cdcb6b-1.63.2-main.sock
# makefile
MAKEFLAGS = pqrR
# environment
MFLAGS = -pqrR
# automatic
*D = $(patsubst %/,%,$(dir $*))
# environment
BREAKPAD_DUMP_LOCATION = /home/chopped-barasan/.config/Code/exthost Crash Reports
# automatic
+D = $(patsubst %/,%,$(dir $+))
# environment
GDK_BACKEND = x11
# automatic
+F = $(notdir $+)
# environment
QT_ACCESSIBILITY = 1
# 'override' directive
.SHELLSTATUS := 0
# default
MAKEFILES := 
# automatic
<F = $(notdir $<)
# environment
ELECTRON_RUN_AS_NODE = 1
# environment
LC_ALL = C
# environment
GJS_DEBUG_TOPICS = JS ERROR;JS LOG
# automatic
^F = $(notdir $^)
# makefile (from 'Makefile', line 8)
DEPS := ./build/./src/main.cpp.d
# default
SUFFIXES := 
# environment
CHROME_DESKTOP = code-url-handler.desktop
# environment
WINDOWPATH = 2
# default
.INCLUDE_DIRS = /usr/include /usr/local/include /usr/include
# environment
GJS_DEBUG_OUTPUT = stderr
# default
.RECIPEPREFIX := 
# environment
LANG = C
# environment
VSCODE_PID = 2188
# variable set hash-table stats:
# Load=111/1024=11%, Rehash=0, Collisions=24/151=16%

# Pattern-specific Variable Values

# No pattern-specific variable values.

# Directories

# . (device 2068, inode 1077098): 6 files, no impossibilities.

# 6 files, no impossibilities in 1 directories.

# Implicit Rules

# No implicit rules.

# Files

all: build/path_finder
#  Command line target.
#  Implicit rule search has not been done.
#  Modification time never checked.
#  File has not been updated.

# Not a target:
Makefile:
#  Implicit rule search has not been done.
#  Modification time never checked.
#  File has not been updated.

build/path_finder: build/./src/main.cpp.o
#  Implicit rule search has not been done.
#  Modification time never checked.
#  File has not been updated.

# Not a target:
build/./src/main.cpp.o:
#  Implicit rule search has not been done.
#  Modification time never checked.
#  File has not been updated.

# Not a target:
.DEFAULT:
#  Implicit rule search has not been done.
#  Modification time never checked.
 
#  File has not been updated.

# files hash-table stats:
# Load=6/1024=1%, Rehash=0, Collisions=0/11=0%
# VPATH Search Paths

# No 'vpath' search paths.

# No general ('VPATH' variable) search path.

# strcache buffers: 1 (0) / strings = 13 / storage = 128 B / avg = 9 B
# current buf: size = 8162 B / used = 128 B / count = 13 / avg = 9 B

# strcache performance: lookups = 21 / hit rate = 38%
# hash-table stats:
# Load=13/8192=0%, Rehash=0, Collisions=1/21=5%
# Finished Make data base on Fri Dec 17 23:03:29 2021

 
